SF:lib\domain\gif_class.dart
DA:9,2
DA:16,1
DA:17,5
LF:3
LH:3
end_of_record
SF:lib\presentation\bloc\gif_list_cubit.dart
DA:12,1
DA:13,1
DA:21,1
DA:22,3
DA:24,2
DA:25,1
DA:26,3
DA:27,0
DA:28,0
DA:29,0
DA:33,1
DA:34,3
DA:35,1
DA:37,2
DA:38,1
DA:39,3
DA:40,0
DA:41,0
DA:42,0
DA:46,1
DA:47,3
DA:49,2
DA:50,2
DA:51,4
DA:52,1
DA:53,3
DA:54,3
LF:27
LH:21
end_of_record
SF:lib\presentation\bloc\gif_list_state.dart
DA:9,3
DA:15,1
DA:20,1
DA:21,1
DA:22,0
DA:23,1
DA:26,1
DA:27,1
DA:28,1
DA:29,1
DA:30,1
LF:11
LH:10
end_of_record
